{"/Users/abhinavreddy/Desktop/projects/zendeskcc/src/App.js": {"path":"/Users/abhinavreddy/Desktop/projects/zendeskcc/src/App.js","statementMap":{"0":{"start":{"line":6,"column":2},"end":{"line":22,"column":4}}},"fnMap":{"0":{"name":"App","decl":{"start":{"line":5,"column":9},"end":{"line":5,"column":12}},"loc":{"start":{"line":5,"column":15},"end":{"line":23,"column":1}},"line":5}},"branchMap":{},"s":{"0":0},"f":{"0":0},"b":{},"hash":"51f88cf8c0368d40014d939a021b65034655ba98"}
,"/Users/abhinavreddy/Desktop/projects/zendeskcc/src/jest.config.js": {"path":"/Users/abhinavreddy/Desktop/projects/zendeskcc/src/jest.config.js","statementMap":{"0":{"start":{"line":1,"column":0},"end":{"line":4,"column":2}}},"fnMap":{},"branchMap":{},"s":{"0":0},"f":{},"b":{},"hash":"e6afdca90ec129bcb49be9172e03e63632dd38f9"}
,"/Users/abhinavreddy/Desktop/projects/zendeskcc/src/setupTests.js": {"path":"/Users/abhinavreddy/Desktop/projects/zendeskcc/src/setupTests.js","statementMap":{},"fnMap":{},"branchMap":{},"s":{},"f":{},"b":{},"hash":"dd9d68fe49031b008d426fb123f318e141bae6f5"}
,"/Users/abhinavreddy/Desktop/projects/zendeskcc/src/testData.js": {"path":"/Users/abhinavreddy/Desktop/projects/zendeskcc/src/testData.js","statementMap":{"0":{"start":{"line":1,"column":39},"end":{"line":425,"column":1}},"1":{"start":{"line":427,"column":41},"end":{"line":432,"column":1}},"2":{"start":{"line":434,"column":38},"end":{"line":485,"column":1}},"3":{"start":{"line":487,"column":40},"end":{"line":492,"column":1}}},"fnMap":{},"branchMap":{},"s":{"0":2,"1":2,"2":2,"3":2},"f":{},"b":{},"_coverageSchema":"43e27e138ebf9cfc5966b082cf9a028302ed4184","hash":"700f5ed5a39a4caf9be45db6482b2811e7682eb7"}
,"/Users/abhinavreddy/Desktop/projects/zendeskcc/src/testServer.js": {"path":"/Users/abhinavreddy/Desktop/projects/zendeskcc/src/testServer.js","statementMap":{"0":{"start":{"line":5,"column":15},"end":{"line":19,"column":1}},"1":{"start":{"line":7,"column":4},"end":{"line":7,"column":67}},"2":{"start":{"line":10,"column":4},"end":{"line":10,"column":66}},"3":{"start":{"line":13,"column":4},"end":{"line":13,"column":74}},"4":{"start":{"line":14,"column":4},"end":{"line":17,"column":6}},"5":{"start":{"line":21,"column":0},"end":{"line":21,"column":33}},"6":{"start":{"line":21,"column":16},"end":{"line":21,"column":31}},"7":{"start":{"line":22,"column":0},"end":{"line":22,"column":31}},"8":{"start":{"line":22,"column":15},"end":{"line":22,"column":29}},"9":{"start":{"line":23,"column":0},"end":{"line":23,"column":40}},"10":{"start":{"line":23,"column":16},"end":{"line":23,"column":38}}},"fnMap":{"0":{"name":"(anonymous_0)","decl":{"start":{"line":6,"column":46},"end":{"line":6,"column":47}},"loc":{"start":{"line":6,"column":66},"end":{"line":8,"column":3}},"line":6},"1":{"name":"(anonymous_1)","decl":{"start":{"line":9,"column":49},"end":{"line":9,"column":50}},"loc":{"start":{"line":9,"column":69},"end":{"line":11,"column":3}},"line":9},"2":{"name":"(anonymous_2)","decl":{"start":{"line":12,"column":16},"end":{"line":12,"column":17}},"loc":{"start":{"line":12,"column":35},"end":{"line":18,"column":3}},"line":12},"3":{"name":"(anonymous_3)","decl":{"start":{"line":21,"column":10},"end":{"line":21,"column":11}},"loc":{"start":{"line":21,"column":16},"end":{"line":21,"column":31}},"line":21},"4":{"name":"(anonymous_4)","decl":{"start":{"line":22,"column":9},"end":{"line":22,"column":10}},"loc":{"start":{"line":22,"column":15},"end":{"line":22,"column":29}},"line":22},"5":{"name":"(anonymous_5)","decl":{"start":{"line":23,"column":10},"end":{"line":23,"column":11}},"loc":{"start":{"line":23,"column":16},"end":{"line":23,"column":38}},"line":23}},"branchMap":{},"s":{"0":2,"1":0,"2":2,"3":0,"4":0,"5":2,"6":2,"7":2,"8":2,"9":2,"10":4},"f":{"0":0,"1":2,"2":0,"3":2,"4":2,"5":4},"b":{},"_coverageSchema":"43e27e138ebf9cfc5966b082cf9a028302ed4184","hash":"1504dac6ec486881ae97f19751da8ac063ec66c5"}
,"/Users/abhinavreddy/Desktop/projects/zendeskcc/src/Components/tickets/ListTickets.js": {"path":"/Users/abhinavreddy/Desktop/projects/zendeskcc/src/Components/tickets/ListTickets.js","statementMap":{"0":{"start":{"line":4,"column":27},"end":{"line":23,"column":1}},"1":{"start":{"line":5,"column":42},"end":{"line":5,"column":54}},"2":{"start":{"line":7,"column":2},"end":{"line":10,"column":9}},"3":{"start":{"line":8,"column":4},"end":{"line":8,"column":29}},"4":{"start":{"line":12,"column":2},"end":{"line":22,"column":4}},"5":{"start":{"line":15,"column":8},"end":{"line":19,"column":10}}},"fnMap":{"0":{"name":"(anonymous_0)","decl":{"start":{"line":4,"column":27},"end":{"line":4,"column":28}},"loc":{"start":{"line":4,"column":64},"end":{"line":23,"column":1}},"line":4},"1":{"name":"(anonymous_1)","decl":{"start":{"line":7,"column":12},"end":{"line":7,"column":13}},"loc":{"start":{"line":7,"column":18},"end":{"line":10,"column":3}},"line":7},"2":{"name":"(anonymous_2)","decl":{"start":{"line":14,"column":24},"end":{"line":14,"column":25}},"loc":{"start":{"line":15,"column":8},"end":{"line":19,"column":10}},"line":15}},"branchMap":{},"s":{"0":1,"1":2,"2":2,"3":1,"4":2,"5":9},"f":{"0":2,"1":1,"2":9},"b":{},"_coverageSchema":"43e27e138ebf9cfc5966b082cf9a028302ed4184","hash":"5c4195836495cfc936da998d6888546f7799248c"}
,"/Users/abhinavreddy/Desktop/projects/zendeskcc/src/Components/tickets/SingleTicket.js": {"path":"/Users/abhinavreddy/Desktop/projects/zendeskcc/src/Components/tickets/SingleTicket.js","statementMap":{"0":{"start":{"line":4,"column":28},"end":{"line":198,"column":1}},"1":{"start":{"line":5,"column":42},"end":{"line":5,"column":54}},"2":{"start":{"line":6,"column":44},"end":{"line":6,"column":59}},"3":{"start":{"line":7,"column":54},"end":{"line":10,"column":4}},"4":{"start":{"line":13,"column":28},"end":{"line":13,"column":68}},"5":{"start":{"line":14,"column":4},"end":{"line":29,"column":5}},"6":{"start":{"line":15,"column":6},"end":{"line":28,"column":7}},"7":{"start":{"line":17,"column":10},"end":{"line":21,"column":12}},"8":{"start":{"line":23,"column":10},"end":{"line":23,"column":78}},"9":{"start":{"line":25,"column":10},"end":{"line":25,"column":79}},"10":{"start":{"line":27,"column":10},"end":{"line":27,"column":55}},"11":{"start":{"line":30,"column":4},"end":{"line":30,"column":57}},"12":{"start":{"line":34,"column":4},"end":{"line":41,"column":5}},"13":{"start":{"line":35,"column":6},"end":{"line":35,"column":39}},"14":{"start":{"line":37,"column":6},"end":{"line":40,"column":9}},"15":{"start":{"line":45,"column":4},"end":{"line":45,"column":27}},"16":{"start":{"line":46,"column":4},"end":{"line":58,"column":9}},"17":{"start":{"line":49,"column":8},"end":{"line":49,"column":48}},"18":{"start":{"line":53,"column":8},"end":{"line":56,"column":11}},"19":{"start":{"line":60,"column":4},"end":{"line":60,"column":28}},"20":{"start":{"line":63,"column":2},"end":{"line":66,"column":9}},"21":{"start":{"line":64,"column":4},"end":{"line":64,"column":29}},"22":{"start":{"line":68,"column":2},"end":{"line":197,"column":4}},"23":{"start":{"line":98,"column":23},"end":{"line":98,"column":42}},"24":{"start":{"line":167,"column":18},"end":{"line":182,"column":22}}},"fnMap":{"0":{"name":"(anonymous_0)","decl":{"start":{"line":4,"column":28},"end":{"line":4,"column":29}},"loc":{"start":{"line":4,"column":68},"end":{"line":198,"column":1}},"line":4},"1":{"name":"handleErrorMessage","decl":{"start":{"line":12,"column":11},"end":{"line":12,"column":29}},"loc":{"start":{"line":12,"column":40},"end":{"line":31,"column":3}},"line":12},"2":{"name":"handleStateUpdateFromRes","decl":{"start":{"line":33,"column":11},"end":{"line":33,"column":35}},"loc":{"start":{"line":33,"column":41},"end":{"line":42,"column":3}},"line":33},"3":{"name":"getTicketByID","decl":{"start":{"line":44,"column":17},"end":{"line":44,"column":30}},"loc":{"start":{"line":44,"column":42},"end":{"line":61,"column":3}},"line":44},"4":{"name":"(anonymous_4)","decl":{"start":{"line":48,"column":12},"end":{"line":48,"column":13}},"loc":{"start":{"line":48,"column":26},"end":{"line":51,"column":7}},"line":48},"5":{"name":"(anonymous_5)","decl":{"start":{"line":52,"column":13},"end":{"line":52,"column":14}},"loc":{"start":{"line":52,"column":22},"end":{"line":58,"column":7}},"line":52},"6":{"name":"(anonymous_6)","decl":{"start":{"line":63,"column":12},"end":{"line":63,"column":13}},"loc":{"start":{"line":63,"column":18},"end":{"line":66,"column":3}},"line":63},"7":{"name":"(anonymous_7)","decl":{"start":{"line":98,"column":17},"end":{"line":98,"column":18}},"loc":{"start":{"line":98,"column":23},"end":{"line":98,"column":42}},"line":98},"8":{"name":"(anonymous_8)","decl":{"start":{"line":166,"column":51},"end":{"line":166,"column":52}},"loc":{"start":{"line":167,"column":18},"end":{"line":182,"column":22}},"line":167}},"branchMap":{"0":{"loc":{"start":{"line":4,"column":31},"end":{"line":4,"column":42}},"type":"default-arg","locations":[{"start":{"line":4,"column":40},"end":{"line":4,"column":42}}],"line":4},"1":{"loc":{"start":{"line":14,"column":4},"end":{"line":29,"column":5}},"type":"if","locations":[{"start":{"line":14,"column":4},"end":{"line":29,"column":5}},{"start":{"line":14,"column":4},"end":{"line":29,"column":5}}],"line":14},"2":{"loc":{"start":{"line":15,"column":6},"end":{"line":28,"column":7}},"type":"switch","locations":[{"start":{"line":16,"column":8},"end":{"line":21,"column":12}},{"start":{"line":22,"column":8},"end":{"line":23,"column":78}},{"start":{"line":24,"column":8},"end":{"line":25,"column":79}},{"start":{"line":26,"column":8},"end":{"line":27,"column":55}}],"line":15},"3":{"loc":{"start":{"line":34,"column":4},"end":{"line":41,"column":5}},"type":"if","locations":[{"start":{"line":34,"column":4},"end":{"line":41,"column":5}},{"start":{"line":34,"column":4},"end":{"line":41,"column":5}}],"line":34},"4":{"loc":{"start":{"line":44,"column":31},"end":{"line":44,"column":40}},"type":"default-arg","locations":[{"start":{"line":44,"column":36},"end":{"line":44,"column":40}}],"line":44},"5":{"loc":{"start":{"line":102,"column":7},"end":{"line":195,"column":7}},"type":"cond-expr","locations":[{"start":{"line":103,"column":8},"end":{"line":110,"column":12}},{"start":{"line":111,"column":10},"end":{"line":195,"column":7}}],"line":102},"6":{"loc":{"start":{"line":102,"column":7},"end":{"line":102,"column":48}},"type":"binary-expr","locations":[{"start":{"line":102,"column":7},"end":{"line":102,"column":20}},{"start":{"line":102,"column":24},"end":{"line":102,"column":48}}],"line":102},"7":{"loc":{"start":{"line":111,"column":10},"end":{"line":195,"column":7}},"type":"cond-expr","locations":[{"start":{"line":112,"column":8},"end":{"line":134,"column":12}},{"start":{"line":136,"column":8},"end":{"line":194,"column":9}}],"line":111},"8":{"loc":{"start":{"line":111,"column":10},"end":{"line":111,"column":51}},"type":"binary-expr","locations":[{"start":{"line":111,"column":10},"end":{"line":111,"column":24}},{"start":{"line":111,"column":28},"end":{"line":111,"column":51}}],"line":111},"9":{"loc":{"start":{"line":132,"column":11},"end":{"line":133,"column":72}},"type":"binary-expr","locations":[{"start":{"line":132,"column":11},"end":{"line":132,"column":37}},{"start":{"line":133,"column":12},"end":{"line":133,"column":72}}],"line":132},"10":{"loc":{"start":{"line":136,"column":8},"end":{"line":194,"column":9}},"type":"binary-expr","locations":[{"start":{"line":136,"column":8},"end":{"line":136,"column":22}},{"start":{"line":137,"column":8},"end":{"line":137,"column":32}},{"start":{"line":138,"column":10},"end":{"line":193,"column":16}}],"line":136},"11":{"loc":{"start":{"line":165,"column":15},"end":{"line":183,"column":18}},"type":"binary-expr","locations":[{"start":{"line":165,"column":15},"end":{"line":165,"column":32}},{"start":{"line":166,"column":16},"end":{"line":183,"column":18}}],"line":165}},"s":{"0":2,"1":3,"2":3,"3":3,"4":0,"5":0,"6":0,"7":0,"8":0,"9":0,"10":0,"11":0,"12":0,"13":0,"14":0,"15":2,"16":2,"17":0,"18":0,"19":0,"20":3,"21":2,"22":3,"23":0,"24":0},"f":{"0":3,"1":0,"2":0,"3":2,"4":0,"5":0,"6":2,"7":0,"8":0},"b":{"0":[1],"1":[0,0],"2":[0,0,0,0],"3":[0,0],"4":[1],"5":[1,2],"6":[3,1],"7":[0,2],"8":[2,2],"9":[0,0],"10":[2,2,2],"11":[2,0]},"_coverageSchema":"43e27e138ebf9cfc5966b082cf9a028302ed4184","hash":"963a09cee0d714862ae1347a0c98ce7f094d183c"}
,"/Users/abhinavreddy/Desktop/projects/zendeskcc/src/Components/tickets/TicketCard.js": {"path":"/Users/abhinavreddy/Desktop/projects/zendeskcc/src/Components/tickets/TicketCard.js","statementMap":{"0":{"start":{"line":3,"column":26},"end":{"line":46,"column":1}},"1":{"start":{"line":4,"column":40},"end":{"line":4,"column":52}},"2":{"start":{"line":6,"column":2},"end":{"line":9,"column":9}},"3":{"start":{"line":7,"column":4},"end":{"line":7,"column":27}},"4":{"start":{"line":11,"column":2},"end":{"line":45,"column":4}},"5":{"start":{"line":25,"column":21},"end":{"line":25,"column":46}}},"fnMap":{"0":{"name":"(anonymous_0)","decl":{"start":{"line":3,"column":26},"end":{"line":3,"column":27}},"loc":{"start":{"line":3,"column":61},"end":{"line":46,"column":1}},"line":3},"1":{"name":"(anonymous_1)","decl":{"start":{"line":6,"column":12},"end":{"line":6,"column":13}},"loc":{"start":{"line":6,"column":18},"end":{"line":9,"column":3}},"line":6},"2":{"name":"(anonymous_2)","decl":{"start":{"line":25,"column":15},"end":{"line":25,"column":16}},"loc":{"start":{"line":25,"column":21},"end":{"line":25,"column":46}},"line":25}},"branchMap":{"0":{"loc":{"start":{"line":3,"column":29},"end":{"line":3,"column":40}},"type":"default-arg","locations":[{"start":{"line":3,"column":38},"end":{"line":3,"column":40}}],"line":3}},"s":{"0":1,"1":18,"2":18,"3":9,"4":18,"5":0},"f":{"0":18,"1":9,"2":0},"b":{"0":[0]},"_coverageSchema":"43e27e138ebf9cfc5966b082cf9a028302ed4184","hash":"ee6391b4d301b1c1071699fc21c2e790fbc5ec7e"}
,"/Users/abhinavreddy/Desktop/projects/zendeskcc/src/Components/tickets/Tickets.js": {"path":"/Users/abhinavreddy/Desktop/projects/zendeskcc/src/Components/tickets/Tickets.js","statementMap":{"0":{"start":{"line":8,"column":23},"end":{"line":286,"column":1}},"1":{"start":{"line":9,"column":27},"end":{"line":9,"column":29}},"2":{"start":{"line":11,"column":28},"end":{"line":18,"column":4}},"3":{"start":{"line":20,"column":34},"end":{"line":20,"column":45}},"4":{"start":{"line":22,"column":48},"end":{"line":25,"column":4}},"5":{"start":{"line":28,"column":28},"end":{"line":28,"column":68}},"6":{"start":{"line":29,"column":4},"end":{"line":52,"column":5}},"7":{"start":{"line":31,"column":6},"end":{"line":51,"column":7}},"8":{"start":{"line":33,"column":10},"end":{"line":37,"column":12}},"9":{"start":{"line":39,"column":10},"end":{"line":39,"column":71}},"10":{"start":{"line":41,"column":10},"end":{"line":44,"column":12}},"11":{"start":{"line":46,"column":10},"end":{"line":48,"column":12}},"12":{"start":{"line":50,"column":10},"end":{"line":50,"column":55}},"13":{"start":{"line":53,"column":4},"end":{"line":53,"column":57}},"14":{"start":{"line":57,"column":4},"end":{"line":63,"column":7}},"15":{"start":{"line":66,"column":4},"end":{"line":76,"column":5}},"16":{"start":{"line":67,"column":6},"end":{"line":73,"column":9}},"17":{"start":{"line":75,"column":6},"end":{"line":75,"column":35}},"18":{"start":{"line":80,"column":4},"end":{"line":82,"column":5}},"19":{"start":{"line":81,"column":6},"end":{"line":81,"column":32}},"20":{"start":{"line":83,"column":4},"end":{"line":85,"column":5}},"21":{"start":{"line":84,"column":6},"end":{"line":84,"column":32}},"22":{"start":{"line":89,"column":4},"end":{"line":89,"column":68}},"23":{"start":{"line":93,"column":4},"end":{"line":93,"column":49}},"24":{"start":{"line":94,"column":4},"end":{"line":105,"column":9}},"25":{"start":{"line":98,"column":8},"end":{"line":98,"column":48}},"26":{"start":{"line":99,"column":8},"end":{"line":99,"column":32}},"27":{"start":{"line":103,"column":8},"end":{"line":103,"column":46}},"28":{"start":{"line":109,"column":4},"end":{"line":113,"column":7}},"29":{"start":{"line":117,"column":4},"end":{"line":121,"column":7}},"30":{"start":{"line":124,"column":2},"end":{"line":129,"column":9}},"31":{"start":{"line":125,"column":4},"end":{"line":127,"column":5}},"32":{"start":{"line":126,"column":6},"end":{"line":126,"column":19}},"33":{"start":{"line":131,"column":2},"end":{"line":285,"column":4}},"34":{"start":{"line":234,"column":16},"end":{"line":234,"column":35}},"35":{"start":{"line":260,"column":16},"end":{"line":260,"column":35}}},"fnMap":{"0":{"name":"(anonymous_0)","decl":{"start":{"line":8,"column":23},"end":{"line":8,"column":24}},"loc":{"start":{"line":8,"column":29},"end":{"line":286,"column":1}},"line":8},"1":{"name":"handleErrorMessage","decl":{"start":{"line":27,"column":11},"end":{"line":27,"column":29}},"loc":{"start":{"line":27,"column":40},"end":{"line":54,"column":3}},"line":27},"2":{"name":"handleStateFromResError","decl":{"start":{"line":56,"column":11},"end":{"line":56,"column":34}},"loc":{"start":{"line":56,"column":40},"end":{"line":64,"column":3}},"line":56},"3":{"name":"handleStateUpdateFromRes","decl":{"start":{"line":65,"column":11},"end":{"line":65,"column":35}},"loc":{"start":{"line":65,"column":41},"end":{"line":77,"column":3}},"line":65},"4":{"name":"handleCurrentPage","decl":{"start":{"line":79,"column":11},"end":{"line":79,"column":28}},"loc":{"start":{"line":79,"column":40},"end":{"line":86,"column":3}},"line":79},"5":{"name":"createReqURL","decl":{"start":{"line":88,"column":11},"end":{"line":88,"column":23}},"loc":{"start":{"line":88,"column":35},"end":{"line":90,"column":3}},"line":88},"6":{"name":"getTickets","decl":{"start":{"line":92,"column":17},"end":{"line":92,"column":27}},"loc":{"start":{"line":92,"column":39},"end":{"line":106,"column":3}},"line":92},"7":{"name":"(anonymous_7)","decl":{"start":{"line":96,"column":12},"end":{"line":96,"column":13}},"loc":{"start":{"line":96,"column":26},"end":{"line":100,"column":7}},"line":96},"8":{"name":"(anonymous_8)","decl":{"start":{"line":101,"column":13},"end":{"line":101,"column":14}},"loc":{"start":{"line":101,"column":22},"end":{"line":105,"column":7}},"line":101},"9":{"name":"handleSelectTicket","decl":{"start":{"line":108,"column":11},"end":{"line":108,"column":29}},"loc":{"start":{"line":108,"column":36},"end":{"line":114,"column":3}},"line":108},"10":{"name":"handleCloseSingleTicket","decl":{"start":{"line":116,"column":11},"end":{"line":116,"column":34}},"loc":{"start":{"line":116,"column":37},"end":{"line":122,"column":3}},"line":116},"11":{"name":"(anonymous_11)","decl":{"start":{"line":124,"column":12},"end":{"line":124,"column":13}},"loc":{"start":{"line":124,"column":18},"end":{"line":129,"column":3}},"line":124},"12":{"name":"(anonymous_12)","decl":{"start":{"line":233,"column":23},"end":{"line":233,"column":24}},"loc":{"start":{"line":233,"column":29},"end":{"line":235,"column":15}},"line":233},"13":{"name":"(anonymous_13)","decl":{"start":{"line":259,"column":23},"end":{"line":259,"column":24}},"loc":{"start":{"line":259,"column":29},"end":{"line":261,"column":15}},"line":259}},"branchMap":{"0":{"loc":{"start":{"line":29,"column":4},"end":{"line":52,"column":5}},"type":"if","locations":[{"start":{"line":29,"column":4},"end":{"line":52,"column":5}},{"start":{"line":29,"column":4},"end":{"line":52,"column":5}}],"line":29},"1":{"loc":{"start":{"line":31,"column":6},"end":{"line":51,"column":7}},"type":"switch","locations":[{"start":{"line":32,"column":8},"end":{"line":37,"column":12}},{"start":{"line":38,"column":8},"end":{"line":39,"column":71}},{"start":{"line":40,"column":8},"end":{"line":44,"column":12}},{"start":{"line":45,"column":8},"end":{"line":48,"column":12}},{"start":{"line":49,"column":8},"end":{"line":50,"column":55}}],"line":31},"2":{"loc":{"start":{"line":32,"column":13},"end":{"line":32,"column":23}},"type":"binary-expr","locations":[{"start":{"line":32,"column":13},"end":{"line":32,"column":16}},{"start":{"line":32,"column":20},"end":{"line":32,"column":23}}],"line":32},"3":{"loc":{"start":{"line":66,"column":4},"end":{"line":76,"column":5}},"type":"if","locations":[{"start":{"line":66,"column":4},"end":{"line":76,"column":5}},{"start":{"line":66,"column":4},"end":{"line":76,"column":5}}],"line":66},"4":{"loc":{"start":{"line":71,"column":17},"end":{"line":71,"column":62}},"type":"cond-expr","locations":[{"start":{"line":71,"column":33},"end":{"line":71,"column":55}},{"start":{"line":71,"column":58},"end":{"line":71,"column":62}}],"line":71},"5":{"loc":{"start":{"line":79,"column":29},"end":{"line":79,"column":38}},"type":"default-arg","locations":[{"start":{"line":79,"column":36},"end":{"line":79,"column":38}}],"line":79},"6":{"loc":{"start":{"line":80,"column":4},"end":{"line":82,"column":5}},"type":"if","locations":[{"start":{"line":80,"column":4},"end":{"line":82,"column":5}},{"start":{"line":80,"column":4},"end":{"line":82,"column":5}}],"line":80},"7":{"loc":{"start":{"line":83,"column":4},"end":{"line":85,"column":5}},"type":"if","locations":[{"start":{"line":83,"column":4},"end":{"line":85,"column":5}},{"start":{"line":83,"column":4},"end":{"line":85,"column":5}}],"line":83},"8":{"loc":{"start":{"line":88,"column":24},"end":{"line":88,"column":33}},"type":"default-arg","locations":[{"start":{"line":88,"column":31},"end":{"line":88,"column":33}}],"line":88},"9":{"loc":{"start":{"line":92,"column":28},"end":{"line":92,"column":37}},"type":"default-arg","locations":[{"start":{"line":92,"column":35},"end":{"line":92,"column":37}}],"line":92},"10":{"loc":{"start":{"line":125,"column":4},"end":{"line":127,"column":5}},"type":"if","locations":[{"start":{"line":125,"column":4},"end":{"line":127,"column":5}},{"start":{"line":125,"column":4},"end":{"line":127,"column":5}}],"line":125},"11":{"loc":{"start":{"line":143,"column":7},"end":{"line":283,"column":7}},"type":"cond-expr","locations":[{"start":{"line":144,"column":8},"end":{"line":276,"column":11}},{"start":{"line":279,"column":8},"end":{"line":282,"column":10}}],"line":143},"12":{"loc":{"start":{"line":157,"column":13},"end":{"line":166,"column":13}},"type":"binary-expr","locations":[{"start":{"line":157,"column":13},"end":{"line":157,"column":42}},{"start":{"line":158,"column":14},"end":{"line":165,"column":18}}],"line":157},"13":{"loc":{"start":{"line":168,"column":13},"end":{"line":175,"column":15}},"type":"binary-expr","locations":[{"start":{"line":168,"column":13},"end":{"line":168,"column":39}},{"start":{"line":169,"column":14},"end":{"line":169,"column":35}},{"start":{"line":170,"column":14},"end":{"line":170,"column":33}},{"start":{"line":171,"column":16},"end":{"line":174,"column":18}}],"line":168},"14":{"loc":{"start":{"line":177,"column":13},"end":{"line":188,"column":15}},"type":"binary-expr","locations":[{"start":{"line":177,"column":13},"end":{"line":177,"column":39}},{"start":{"line":178,"column":14},"end":{"line":178,"column":35}},{"start":{"line":179,"column":14},"end":{"line":179,"column":33}},{"start":{"line":180,"column":16},"end":{"line":187,"column":20}}],"line":177},"15":{"loc":{"start":{"line":190,"column":13},"end":{"line":216,"column":13}},"type":"cond-expr","locations":[{"start":{"line":191,"column":14},"end":{"line":213,"column":18}},{"start":{"line":215,"column":14},"end":{"line":215,"column":16}}],"line":190},"16":{"loc":{"start":{"line":190,"column":13},"end":{"line":190,"column":74}},"type":"binary-expr","locations":[{"start":{"line":190,"column":13},"end":{"line":190,"column":40}},{"start":{"line":190,"column":44},"end":{"line":190,"column":74}}],"line":190},"17":{"loc":{"start":{"line":211,"column":17},"end":{"line":212,"column":79}},"type":"binary-expr","locations":[{"start":{"line":211,"column":17},"end":{"line":211,"column":32}},{"start":{"line":212,"column":18},"end":{"line":212,"column":79}}],"line":211},"18":{"loc":{"start":{"line":243,"column":24},"end":{"line":243,"column":66}},"type":"cond-expr","locations":[{"start":{"line":243,"column":41},"end":{"line":243,"column":54}},{"start":{"line":243,"column":57},"end":{"line":243,"column":66}}],"line":243},"19":{"loc":{"start":{"line":270,"column":24},"end":{"line":270,"column":66}},"type":"cond-expr","locations":[{"start":{"line":270,"column":41},"end":{"line":270,"column":54}},{"start":{"line":270,"column":57},"end":{"line":270,"column":66}}],"line":270}},"s":{"0":1,"1":2,"2":2,"3":2,"4":2,"5":0,"6":0,"7":0,"8":0,"9":0,"10":0,"11":0,"12":0,"13":0,"14":0,"15":0,"16":0,"17":0,"18":0,"19":0,"20":0,"21":0,"22":1,"23":1,"24":1,"25":0,"26":0,"27":0,"28":0,"29":0,"30":2,"31":1,"32":1,"33":2,"34":0,"35":0},"f":{"0":2,"1":0,"2":0,"3":0,"4":0,"5":1,"6":1,"7":0,"8":0,"9":0,"10":0,"11":1,"12":0,"13":0},"b":{"0":[0,0],"1":[0,0,0,0,0],"2":[0,0],"3":[0,0],"4":[0,0],"5":[0],"6":[0,0],"7":[0,0],"8":[0],"9":[1],"10":[1,0],"11":[2,0],"12":[2,1],"13":[2,0,0,0],"14":[2,2,1,1],"15":[0,2],"16":[2,0],"17":[0,0],"18":[2,0],"19":[0,2]},"_coverageSchema":"43e27e138ebf9cfc5966b082cf9a028302ed4184","hash":"2660d37b3f1748d19a94c24ff6ced36d1069736d"}
}
