TN:
SF:/Users/abhinavreddy/Desktop/projects/zendeskcc/src/App.js
FN:5,App
FNF:1
FNH:0
FNDA:0,App
DA:6,0
LF:1
LH:0
BRF:0
BRH:0
end_of_record
TN:
SF:/Users/abhinavreddy/Desktop/projects/zendeskcc/src/jest.config.js
FNF:0
FNH:0
DA:1,0
LF:1
LH:0
BRF:0
BRH:0
end_of_record
TN:
SF:/Users/abhinavreddy/Desktop/projects/zendeskcc/src/setupTests.js
FNF:0
FNH:0
LF:0
LH:0
BRF:0
BRH:0
end_of_record
TN:
SF:/Users/abhinavreddy/Desktop/projects/zendeskcc/src/testData.js
FNF:0
FNH:0
DA:1,2
DA:427,2
DA:434,2
DA:487,2
LF:4
LH:4
BRF:0
BRH:0
end_of_record
TN:
SF:/Users/abhinavreddy/Desktop/projects/zendeskcc/src/testServer.js
FN:6,(anonymous_0)
FN:9,(anonymous_1)
FN:12,(anonymous_2)
FN:21,(anonymous_3)
FN:22,(anonymous_4)
FN:23,(anonymous_5)
FNF:6
FNH:4
FNDA:0,(anonymous_0)
FNDA:2,(anonymous_1)
FNDA:0,(anonymous_2)
FNDA:2,(anonymous_3)
FNDA:2,(anonymous_4)
FNDA:4,(anonymous_5)
DA:5,2
DA:7,0
DA:10,2
DA:13,0
DA:14,0
DA:21,2
DA:22,2
DA:23,4
LF:8
LH:5
BRF:0
BRH:0
end_of_record
TN:
SF:/Users/abhinavreddy/Desktop/projects/zendeskcc/src/Components/tickets/ListTickets.js
FN:4,(anonymous_0)
FN:7,(anonymous_1)
FN:14,(anonymous_2)
FNF:3
FNH:3
FNDA:2,(anonymous_0)
FNDA:1,(anonymous_1)
FNDA:9,(anonymous_2)
DA:4,1
DA:5,2
DA:7,2
DA:8,1
DA:12,2
DA:15,9
LF:6
LH:6
BRF:0
BRH:0
end_of_record
TN:
SF:/Users/abhinavreddy/Desktop/projects/zendeskcc/src/Components/tickets/SingleTicket.js
FN:4,(anonymous_0)
FN:12,handleErrorMessage
FN:33,handleStateUpdateFromRes
FN:44,getTicketByID
FN:48,(anonymous_4)
FN:52,(anonymous_5)
FN:63,(anonymous_6)
FN:98,(anonymous_7)
FN:166,(anonymous_8)
FNF:9
FNH:3
FNDA:3,(anonymous_0)
FNDA:0,handleErrorMessage
FNDA:0,handleStateUpdateFromRes
FNDA:2,getTicketByID
FNDA:0,(anonymous_4)
FNDA:0,(anonymous_5)
FNDA:2,(anonymous_6)
FNDA:0,(anonymous_7)
FNDA:0,(anonymous_8)
DA:4,2
DA:5,3
DA:6,3
DA:7,3
DA:13,0
DA:14,0
DA:15,0
DA:17,0
DA:23,0
DA:25,0
DA:27,0
DA:30,0
DA:34,0
DA:35,0
DA:37,0
DA:45,2
DA:46,2
DA:49,0
DA:53,0
DA:60,0
DA:63,3
DA:64,2
DA:68,3
DA:98,0
DA:167,0
LF:25
LH:9
BRDA:4,0,0,1
BRDA:14,1,0,0
BRDA:14,1,1,0
BRDA:15,2,0,0
BRDA:15,2,1,0
BRDA:15,2,2,0
BRDA:15,2,3,0
BRDA:34,3,0,0
BRDA:34,3,1,0
BRDA:44,4,0,1
BRDA:102,5,0,1
BRDA:102,5,1,2
BRDA:102,6,0,3
BRDA:102,6,1,1
BRDA:111,7,0,0
BRDA:111,7,1,2
BRDA:111,8,0,2
BRDA:111,8,1,2
BRDA:132,9,0,0
BRDA:132,9,1,0
BRDA:136,10,0,2
BRDA:136,10,1,2
BRDA:136,10,2,2
BRDA:165,11,0,2
BRDA:165,11,1,0
BRF:25
BRH:13
end_of_record
TN:
SF:/Users/abhinavreddy/Desktop/projects/zendeskcc/src/Components/tickets/TicketCard.js
FN:3,(anonymous_0)
FN:6,(anonymous_1)
FN:25,(anonymous_2)
FNF:3
FNH:2
FNDA:18,(anonymous_0)
FNDA:9,(anonymous_1)
FNDA:0,(anonymous_2)
DA:3,1
DA:4,18
DA:6,18
DA:7,9
DA:11,18
DA:25,0
LF:6
LH:5
BRDA:3,0,0,0
BRF:1
BRH:0
end_of_record
TN:
SF:/Users/abhinavreddy/Desktop/projects/zendeskcc/src/Components/tickets/Tickets.js
FN:8,(anonymous_0)
FN:27,handleErrorMessage
FN:56,handleStateFromResError
FN:65,handleStateUpdateFromRes
FN:79,handleCurrentPage
FN:88,createReqURL
FN:92,getTickets
FN:96,(anonymous_7)
FN:101,(anonymous_8)
FN:108,handleSelectTicket
FN:116,handleCloseSingleTicket
FN:124,(anonymous_11)
FN:233,(anonymous_12)
FN:259,(anonymous_13)
FNF:14
FNH:4
FNDA:2,(anonymous_0)
FNDA:0,handleErrorMessage
FNDA:0,handleStateFromResError
FNDA:0,handleStateUpdateFromRes
FNDA:0,handleCurrentPage
FNDA:1,createReqURL
FNDA:1,getTickets
FNDA:0,(anonymous_7)
FNDA:0,(anonymous_8)
FNDA:0,handleSelectTicket
FNDA:0,handleCloseSingleTicket
FNDA:1,(anonymous_11)
FNDA:0,(anonymous_12)
FNDA:0,(anonymous_13)
DA:8,1
DA:9,2
DA:11,2
DA:20,2
DA:22,2
DA:28,0
DA:29,0
DA:31,0
DA:33,0
DA:39,0
DA:41,0
DA:46,0
DA:50,0
DA:53,0
DA:57,0
DA:66,0
DA:67,0
DA:75,0
DA:80,0
DA:81,0
DA:83,0
DA:84,0
DA:89,1
DA:93,1
DA:94,1
DA:98,0
DA:99,0
DA:103,0
DA:109,0
DA:117,0
DA:124,2
DA:125,1
DA:126,1
DA:131,2
DA:234,0
DA:260,0
LF:36
LH:12
BRDA:29,0,0,0
BRDA:29,0,1,0
BRDA:31,1,0,0
BRDA:31,1,1,0
BRDA:31,1,2,0
BRDA:31,1,3,0
BRDA:31,1,4,0
BRDA:32,2,0,0
BRDA:32,2,1,0
BRDA:66,3,0,0
BRDA:66,3,1,0
BRDA:71,4,0,0
BRDA:71,4,1,0
BRDA:79,5,0,0
BRDA:80,6,0,0
BRDA:80,6,1,0
BRDA:83,7,0,0
BRDA:83,7,1,0
BRDA:88,8,0,0
BRDA:92,9,0,1
BRDA:125,10,0,1
BRDA:125,10,1,0
BRDA:143,11,0,2
BRDA:143,11,1,0
BRDA:157,12,0,2
BRDA:157,12,1,1
BRDA:168,13,0,2
BRDA:168,13,1,0
BRDA:168,13,2,0
BRDA:168,13,3,0
BRDA:177,14,0,2
BRDA:177,14,1,2
BRDA:177,14,2,1
BRDA:177,14,3,1
BRDA:190,15,0,0
BRDA:190,15,1,2
BRDA:190,16,0,2
BRDA:190,16,1,0
BRDA:211,17,0,0
BRDA:211,17,1,0
BRDA:243,18,0,2
BRDA:243,18,1,0
BRDA:270,19,0,0
BRDA:270,19,1,2
BRF:44
BRH:14
end_of_record
